Started GET "/" for ::1 at 2021-12-29 00:05:45 +0900
  [1m[35m (6.8ms)[0m  [1m[34mSELECT sqlite_version(*)[0m
Processing by Rails::WelcomeController#index as HTML
  Rendering C:/Ruby30-x64/lib/ruby/gems/3.0.0/gems/railties-7.0.0/lib/rails/templates/rails/welcome/index.html.erb
  Rendered C:/Ruby30-x64/lib/ruby/gems/3.0.0/gems/railties-7.0.0/lib/rails/templates/rails/welcome/index.html.erb (Duration: 3.8ms | Allocations: 844)
Completed 200 OK in 36ms (Views: 13.6ms | ActiveRecord: 0.0ms | Allocations: 7937)


Started GET "/" for ::1 at 2021-12-29 00:16:03 +0900
  [1m[35m (0.8ms)[0m  [1m[34mSELECT sqlite_version(*)[0m
Processing by Rails::WelcomeController#index as HTML
  Rendering C:/Ruby30-x64/lib/ruby/gems/3.0.0/gems/railties-7.0.0/lib/rails/templates/rails/welcome/index.html.erb
  Rendered C:/Ruby30-x64/lib/ruby/gems/3.0.0/gems/railties-7.0.0/lib/rails/templates/rails/welcome/index.html.erb (Duration: 1.1ms | Allocations: 719)
Completed 200 OK in 12ms (Views: 4.1ms | ActiveRecord: 0.0ms | Allocations: 6433)


Started GET "/hello" for ::1 at 2021-12-29 00:41:52 +0900
  [1m[35m (0.7ms)[0m  [1m[34mSELECT sqlite_version(*)[0m
  [1m[35m (11.1ms)[0m  [1m[35mCREATE TABLE "schema_migrations" ("version" varchar NOT NULL PRIMARY KEY)[0m
  [1m[35m (5.6ms)[0m  [1m[35mCREATE TABLE "ar_internal_metadata" ("key" varchar NOT NULL PRIMARY KEY, "value" varchar, "created_at" datetime(6) NOT NULL, "updated_at" datetime(6) NOT NULL)[0m
  [1m[36mActiveRecord::SchemaMigration Pluck (0.2ms)[0m  [1m[34mSELECT "schema_migrations"."version" FROM "schema_migrations" ORDER BY "schema_migrations"."version" ASC[0m
  
ActiveRecord::PendingMigrationError (

Migrations are pending. To resolve this issue, run:

        bin/rails db:migrate RAILS_ENV=development

You have 1 pending migration:

20211228153806_create_tests.rb


):
  
activerecord (7.0.0) lib/active_record/migration.rb:627:in `check_pending!'
activerecord (7.0.0) lib/active_record/migration.rb:592:in `block (2 levels) in call'
activesupport (7.0.0) lib/active_support/file_update_checker.rb:83:in `execute'
activerecord (7.0.0) lib/active_record/migration.rb:597:in `block in call'
activerecord (7.0.0) lib/active_record/migration.rb:589:in `synchronize'
activerecord (7.0.0) lib/active_record/migration.rb:589:in `call'
actionpack (7.0.0) lib/action_dispatch/middleware/callbacks.rb:27:in `block in call'
activesupport (7.0.0) lib/active_support/callbacks.rb:99:in `run_callbacks'
actionpack (7.0.0) lib/action_dispatch/middleware/callbacks.rb:26:in `call'
actionpack (7.0.0) lib/action_dispatch/middleware/executor.rb:14:in `call'
actionpack (7.0.0) lib/action_dispatch/middleware/actionable_exceptions.rb:17:in `call'
actionpack (7.0.0) lib/action_dispatch/middleware/debug_exceptions.rb:28:in `call'
web-console (4.2.0) lib/web_console/middleware.rb:132:in `call_app'
web-console (4.2.0) lib/web_console/middleware.rb:28:in `block in call'
web-console (4.2.0) lib/web_console/middleware.rb:17:in `catch'
web-console (4.2.0) lib/web_console/middleware.rb:17:in `call'
actionpack (7.0.0) lib/action_dispatch/middleware/show_exceptions.rb:26:in `call'
railties (7.0.0) lib/rails/rack/logger.rb:36:in `call_app'
railties (7.0.0) lib/rails/rack/logger.rb:25:in `block in call'
activesupport (7.0.0) lib/active_support/tagged_logging.rb:99:in `block in tagged'
activesupport (7.0.0) lib/active_support/tagged_logging.rb:37:in `tagged'
activesupport (7.0.0) lib/active_support/tagged_logging.rb:99:in `tagged'
railties (7.0.0) lib/rails/rack/logger.rb:25:in `call'
sprockets-rails (3.4.2) lib/sprockets/rails/quiet_assets.rb:13:in `call'
actionpack (7.0.0) lib/action_dispatch/middleware/remote_ip.rb:93:in `call'
actionpack (7.0.0) lib/action_dispatch/middleware/request_id.rb:26:in `call'
rack (2.2.3) lib/rack/method_override.rb:24:in `call'
rack (2.2.3) lib/rack/runtime.rb:22:in `call'
activesupport (7.0.0) lib/active_support/cache/strategy/local_cache_middleware.rb:29:in `call'
actionpack (7.0.0) lib/action_dispatch/middleware/server_timing.rb:20:in `call'
actionpack (7.0.0) lib/action_dispatch/middleware/executor.rb:14:in `call'
actionpack (7.0.0) lib/action_dispatch/middleware/static.rb:23:in `call'
rack (2.2.3) lib/rack/sendfile.rb:110:in `call'
actionpack (7.0.0) lib/action_dispatch/middleware/host_authorization.rb:137:in `call'
railties (7.0.0) lib/rails/engine.rb:530:in `call'
puma (5.5.2) lib/puma/configuration.rb:249:in `call'
puma (5.5.2) lib/puma/request.rb:77:in `block in handle_request'
puma (5.5.2) lib/puma/thread_pool.rb:340:in `with_force_shutdown'
puma (5.5.2) lib/puma/request.rb:76:in `handle_request'
puma (5.5.2) lib/puma/server.rb:447:in `process_client'
puma (5.5.2) lib/puma/thread_pool.rb:147:in `block in spawn_thread'
Started GET "/hello/hello" for ::1 at 2021-12-29 00:42:00 +0900
  [1m[36mActiveRecord::SchemaMigration Pluck (0.1ms)[0m  [1m[34mSELECT "schema_migrations"."version" FROM "schema_migrations" ORDER BY "schema_migrations"."version" ASC[0m
  [1m[36mCACHE ActiveRecord::SchemaMigration Pluck (0.0ms)[0m  [1m[34mSELECT "schema_migrations"."version" FROM "schema_migrations" ORDER BY "schema_migrations"."version" ASC[0m
  
ActiveRecord::PendingMigrationError (

Migrations are pending. To resolve this issue, run:

        bin/rails db:migrate RAILS_ENV=development

You have 1 pending migration:

20211228153806_create_tests.rb


):
  
activerecord (7.0.0) lib/active_record/migration.rb:627:in `check_pending!'
activerecord (7.0.0) lib/active_record/migration.rb:592:in `block (2 levels) in call'
activesupport (7.0.0) lib/active_support/file_update_checker.rb:83:in `execute'
activerecord (7.0.0) lib/active_record/migration.rb:597:in `block in call'
activerecord (7.0.0) lib/active_record/migration.rb:589:in `synchronize'
activerecord (7.0.0) lib/active_record/migration.rb:589:in `call'
actionpack (7.0.0) lib/action_dispatch/middleware/callbacks.rb:27:in `block in call'
activesupport (7.0.0) lib/active_support/callbacks.rb:99:in `run_callbacks'
actionpack (7.0.0) lib/action_dispatch/middleware/callbacks.rb:26:in `call'
actionpack (7.0.0) lib/action_dispatch/middleware/executor.rb:14:in `call'
actionpack (7.0.0) lib/action_dispatch/middleware/actionable_exceptions.rb:17:in `call'
actionpack (7.0.0) lib/action_dispatch/middleware/debug_exceptions.rb:28:in `call'
web-console (4.2.0) lib/web_console/middleware.rb:132:in `call_app'
web-console (4.2.0) lib/web_console/middleware.rb:28:in `block in call'
web-console (4.2.0) lib/web_console/middleware.rb:17:in `catch'
web-console (4.2.0) lib/web_console/middleware.rb:17:in `call'
actionpack (7.0.0) lib/action_dispatch/middleware/show_exceptions.rb:26:in `call'
railties (7.0.0) lib/rails/rack/logger.rb:36:in `call_app'
railties (7.0.0) lib/rails/rack/logger.rb:25:in `block in call'
activesupport (7.0.0) lib/active_support/tagged_logging.rb:99:in `block in tagged'
activesupport (7.0.0) lib/active_support/tagged_logging.rb:37:in `tagged'
activesupport (7.0.0) lib/active_support/tagged_logging.rb:99:in `tagged'
railties (7.0.0) lib/rails/rack/logger.rb:25:in `call'
sprockets-rails (3.4.2) lib/sprockets/rails/quiet_assets.rb:13:in `call'
actionpack (7.0.0) lib/action_dispatch/middleware/remote_ip.rb:93:in `call'
actionpack (7.0.0) lib/action_dispatch/middleware/request_id.rb:26:in `call'
rack (2.2.3) lib/rack/method_override.rb:24:in `call'
rack (2.2.3) lib/rack/runtime.rb:22:in `call'
activesupport (7.0.0) lib/active_support/cache/strategy/local_cache_middleware.rb:29:in `call'
actionpack (7.0.0) lib/action_dispatch/middleware/server_timing.rb:20:in `call'
actionpack (7.0.0) lib/action_dispatch/middleware/executor.rb:14:in `call'
actionpack (7.0.0) lib/action_dispatch/middleware/static.rb:23:in `call'
rack (2.2.3) lib/rack/sendfile.rb:110:in `call'
actionpack (7.0.0) lib/action_dispatch/middleware/host_authorization.rb:137:in `call'
railties (7.0.0) lib/rails/engine.rb:530:in `call'
puma (5.5.2) lib/puma/configuration.rb:249:in `call'
puma (5.5.2) lib/puma/request.rb:77:in `block in handle_request'
puma (5.5.2) lib/puma/thread_pool.rb:340:in `with_force_shutdown'
puma (5.5.2) lib/puma/request.rb:76:in `handle_request'
puma (5.5.2) lib/puma/server.rb:447:in `process_client'
puma (5.5.2) lib/puma/thread_pool.rb:147:in `block in spawn_thread'
Started POST "/rails/actions" for ::1 at 2021-12-29 00:42:14 +0900
  [1m[36mActiveRecord::SchemaMigration Pluck (0.1ms)[0m  [1m[34mSELECT "schema_migrations"."version" FROM "schema_migrations" ORDER BY "schema_migrations"."version" ASC[0m
Migrating to CreateTests (20211228153806)
  [1m[36mTRANSACTION (0.1ms)[0m  [1m[36mbegin transaction[0m
  [1m[35m (1.7ms)[0m  [1m[35mCREATE TABLE "tests" ("id" integer PRIMARY KEY AUTOINCREMENT NOT NULL, "created_at" datetime(6) NOT NULL, "updated_at" datetime(6) NOT NULL)[0m
  [1m[36mActiveRecord::SchemaMigration Create (0.2ms)[0m  [1m[32mINSERT INTO "schema_migrations" ("version") VALUES (?)[0m  [["version", "20211228153806"]]
  [1m[36mTRANSACTION (6.0ms)[0m  [1m[36mcommit transaction[0m
  [1m[36mActiveRecord::InternalMetadata Load (0.5ms)[0m  [1m[34mSELECT "ar_internal_metadata".* FROM "ar_internal_metadata" WHERE "ar_internal_metadata"."key" = ? LIMIT ?[0m  [["key", "environment"], ["LIMIT", 1]]
  [1m[36mTRANSACTION (0.1ms)[0m  [1m[36mbegin transaction[0m
  [1m[36mActiveRecord::InternalMetadata Create (0.6ms)[0m  [1m[32mINSERT INTO "ar_internal_metadata" ("key", "value", "created_at", "updated_at") VALUES (?, ?, ?, ?)[0m  [["key", "environment"], ["value", "development"], ["created_at", "2021-12-28 15:42:14.642032"], ["updated_at", "2021-12-28 15:42:14.642032"]]
  [1m[36mTRANSACTION (5.1ms)[0m  [1m[36mcommit transaction[0m
  [1m[36mActiveRecord::SchemaMigration Pluck (0.4ms)[0m  [1m[34mSELECT "schema_migrations"."version" FROM "schema_migrations" ORDER BY "schema_migrations"."version" ASC[0m
Started GET "/hello/hello" for ::1 at 2021-12-29 00:42:14 +0900
  [1m[35m (0.0ms)[0m  [1m[34mSELECT sqlite_version(*)[0m
  [1m[36mActiveRecord::SchemaMigration Pluck (0.3ms)[0m  [1m[34mSELECT "schema_migrations"."version" FROM "schema_migrations" ORDER BY "schema_migrations"."version" ASC[0m
  
ActionController::RoutingError (uninitialized constant HelloController):
  
Started GET "/hello" for ::1 at 2021-12-29 00:42:33 +0900
  
ArgumentError (Missing :controller key on routes definition, please check your routes.):
  
config/routes.rb:7:in `block in <main>'
config/routes.rb:1:in `<main>'
Started GET "/greeting/hello" for ::1 at 2021-12-29 00:44:54 +0900
  
ActionController::RoutingError (No route matches [GET] "/greeting/hello"):
  
Started GET "/greeting/sayhello" for ::1 at 2021-12-29 00:44:59 +0900
  
ActionController::RoutingError (uninitialized constant GreetingController):
  
Started GET "/greeting/sayhello" for ::1 at 2021-12-29 00:47:05 +0900
  
ActionController::RoutingError (uninitialized constant GreetingController):
  
Started GET "/greeting/sayhello" for ::1 at 2021-12-29 00:56:19 +0900
  
ActionController::RoutingError (uninitialized constant GreetingController):
  
Started GET "/greeting/sayhello" for ::1 at 2021-12-29 00:57:43 +0900
  [1m[35m (2.2ms)[0m  [1m[34mSELECT sqlite_version(*)[0m
  [1m[36mActiveRecord::SchemaMigration Pluck (0.3ms)[0m  [1m[34mSELECT "schema_migrations"."version" FROM "schema_migrations" ORDER BY "schema_migrations"."version" ASC[0m
  
ActionController::RoutingError (uninitialized constant GreetingController):
  
Started GET "/greeting/sayhello" for ::1 at 2021-12-29 00:58:33 +0900
  
ActionController::RoutingError (No route matches [GET] "/greeting/sayhello"):
  
Started GET "/kanshi/sayhello" for ::1 at 2021-12-29 01:01:54 +0900
Started GET "/kanshi/sayhello" for ::1 at 2021-12-29 01:01:54 +0900
Started GET "/kanshi/sayhello" for ::1 at 2021-12-29 01:01:54 +0900
  [1m[35m (0.8ms)[0m  [1m[34mSELECT sqlite_version(*)[0m
  [1m[36mActiveRecord::SchemaMigration Pluck (0.2ms)[0m  [1m[34mSELECT "schema_migrations"."version" FROM "schema_migrations" ORDER BY "schema_migrations"."version" ASC[0m
Processing by KanshiController#sayhello as HTML
Processing by KanshiController#sayhello as HTML
Processing by KanshiController#sayhello as HTML
  Rendering html template
  Rendered html template (Duration: 0.0ms | Allocations: 20)
Completed 200 OK in 23ms (Views: 14.7ms | ActiveRecord: 0.0ms | Allocations: 6059)


  Rendering html template
  Rendered html template (Duration: 0.1ms | Allocations: 6)
Completed 200 OK in 24ms (Views: 16.5ms | ActiveRecord: 0.0ms | Allocations: 6169)


  Rendering html template
  Rendered html template (Duration: 0.0ms | Allocations: 12)
Completed 200 OK in 25ms (Views: 17.5ms | ActiveRecord: 0.0ms | Allocations: 6551)


Started GET "/kanshi/sayhello" for ::1 at 2021-12-29 01:02:18 +0900
Processing by KanshiController#sayhello as HTML
  Rendering html template
  Rendered html template (Duration: 0.0ms | Allocations: 3)
Completed 200 OK in 3ms (Views: 0.7ms | ActiveRecord: 0.0ms | Allocations: 276)


Started GET "/kanshi/byebye" for ::1 at 2021-12-29 01:02:24 +0900
Processing by KanshiController#byebye as HTML
  Rendering html template
  Rendered html template (Duration: 0.0ms | Allocations: 3)
Completed 200 OK in 4ms (Views: 1.2ms | ActiveRecord: 0.0ms | Allocations: 246)


Started GET "/kanshi/byebye" for ::1 at 2021-12-29 01:02:46 +0900
Processing by KanshiController#byebye as HTML
  Rendering html template
  Rendered html template (Duration: 0.0ms | Allocations: 9)
Completed 200 OK in 5ms (Views: 2.3ms | Allocations: 807)


Started GET "/" for ::1 at 2021-12-29 14:15:53 +0900
  [1m[35m (6.0ms)[0m  [1m[34mSELECT sqlite_version(*)[0m
  [1m[36mActiveRecord::SchemaMigration Pluck (0.2ms)[0m  [1m[34mSELECT "schema_migrations"."version" FROM "schema_migrations" ORDER BY "schema_migrations"."version" ASC[0m
Processing by ApplicationController#hello as HTML
  Rendering html template
  Rendered html template (Duration: 0.0ms | Allocations: 18)
Completed 200 OK in 35ms (Views: 16.2ms | ActiveRecord: 0.0ms | Allocations: 4577)


Started GET "/" for ::1 at 2021-12-29 16:14:41 +0900
  [1m[35m (0.6ms)[0m  [1m[34mSELECT sqlite_version(*)[0m
  [1m[36mActiveRecord::SchemaMigration Pluck (0.1ms)[0m  [1m[34mSELECT "schema_migrations"."version" FROM "schema_migrations" ORDER BY "schema_migrations"."version" ASC[0m
Processing by ApplicationController#hello as HTML
  Rendering html template
  Rendered html template (Duration: 0.0ms | Allocations: 18)
Completed 200 OK in 12ms (Views: 5.6ms | ActiveRecord: 0.0ms | Allocations: 4577)


Started GET "/" for ::1 at 2021-12-29 16:42:22 +0900
  [1m[35m (1.1ms)[0m  [1m[34mSELECT sqlite_version(*)[0m
  [1m[36mActiveRecord::SchemaMigration Pluck (0.6ms)[0m  [1m[34mSELECT "schema_migrations"."version" FROM "schema_migrations" ORDER BY "schema_migrations"."version" ASC[0m
Processing by ApplicationController#hello as HTML
  Rendering html template
  Rendered html template (Duration: 0.2ms | Allocations: 18)
Completed 200 OK in 42ms (Views: 12.5ms | ActiveRecord: 0.0ms | Allocations: 4578)


Started GET "/" for ::1 at 2021-12-29 16:42:24 +0900
Processing by ApplicationController#hello as HTML
  Rendering html template
  Rendered html template (Duration: 0.0ms | Allocations: 5)
Completed 200 OK in 4ms (Views: 1.0ms | ActiveRecord: 0.0ms | Allocations: 310)


Started GET "/" for ::1 at 2021-12-29 18:31:03 +0900
  
ActiveRecord::NoDatabaseError (We could not find your database: db/development.sqlite3. Which can be found in the database configuration file located at config/database.yml.

To resolve this issue:

- Did you create the database for this app, or delete it? You may need to create your database.
- Has the database name changed? Check your database.yml config has the correct database name.

To create your database, run:

        bin/rails db:create
):
  
activerecord (7.0.0) lib/active_record/connection_adapters/postgresql_adapter.rb:81:in `rescue in new_client'
activerecord (7.0.0) lib/active_record/connection_adapters/postgresql_adapter.rb:77:in `new_client'
activerecord (7.0.0) lib/active_record/connection_adapters/postgresql_adapter.rb:37:in `postgresql_connection'
activerecord (7.0.0) lib/active_record/connection_adapters/abstract/connection_pool.rb:656:in `public_send'
activerecord (7.0.0) lib/active_record/connection_adapters/abstract/connection_pool.rb:656:in `new_connection'
activerecord (7.0.0) lib/active_record/connection_adapters/abstract/connection_pool.rb:700:in `checkout_new_connection'
activerecord (7.0.0) lib/active_record/connection_adapters/abstract/connection_pool.rb:679:in `try_to_checkout_new_connection'
activerecord (7.0.0) lib/active_record/connection_adapters/abstract/connection_pool.rb:640:in `acquire_connection'
activerecord (7.0.0) lib/active_record/connection_adapters/abstract/connection_pool.rb:341:in `checkout'
activerecord (7.0.0) lib/active_record/connection_adapters/abstract/connection_pool.rb:181:in `connection'
activerecord (7.0.0) lib/active_record/connection_adapters/abstract/connection_handler.rb:211:in `retrieve_connection'
activerecord (7.0.0) lib/active_record/connection_handling.rb:313:in `retrieve_connection'
activerecord (7.0.0) lib/active_record/connection_handling.rb:280:in `connection'
activerecord (7.0.0) lib/active_record/migration.rb:613:in `connection'
activerecord (7.0.0) lib/active_record/migration.rb:608:in `build_watcher'
activerecord (7.0.0) lib/active_record/migration.rb:590:in `block in call'
activerecord (7.0.0) lib/active_record/migration.rb:589:in `synchronize'
activerecord (7.0.0) lib/active_record/migration.rb:589:in `call'
actionpack (7.0.0) lib/action_dispatch/middleware/callbacks.rb:27:in `block in call'
activesupport (7.0.0) lib/active_support/callbacks.rb:99:in `run_callbacks'
actionpack (7.0.0) lib/action_dispatch/middleware/callbacks.rb:26:in `call'
actionpack (7.0.0) lib/action_dispatch/middleware/executor.rb:14:in `call'
actionpack (7.0.0) lib/action_dispatch/middleware/actionable_exceptions.rb:17:in `call'
actionpack (7.0.0) lib/action_dispatch/middleware/debug_exceptions.rb:28:in `call'
web-console (4.2.0) lib/web_console/middleware.rb:132:in `call_app'
web-console (4.2.0) lib/web_console/middleware.rb:28:in `block in call'
web-console (4.2.0) lib/web_console/middleware.rb:17:in `catch'
web-console (4.2.0) lib/web_console/middleware.rb:17:in `call'
actionpack (7.0.0) lib/action_dispatch/middleware/show_exceptions.rb:26:in `call'
railties (7.0.0) lib/rails/rack/logger.rb:36:in `call_app'
railties (7.0.0) lib/rails/rack/logger.rb:25:in `block in call'
activesupport (7.0.0) lib/active_support/tagged_logging.rb:99:in `block in tagged'
activesupport (7.0.0) lib/active_support/tagged_logging.rb:37:in `tagged'
activesupport (7.0.0) lib/active_support/tagged_logging.rb:99:in `tagged'
railties (7.0.0) lib/rails/rack/logger.rb:25:in `call'
sprockets-rails (3.4.2) lib/sprockets/rails/quiet_assets.rb:13:in `call'
actionpack (7.0.0) lib/action_dispatch/middleware/remote_ip.rb:93:in `call'
actionpack (7.0.0) lib/action_dispatch/middleware/request_id.rb:26:in `call'
rack (2.2.3) lib/rack/method_override.rb:24:in `call'
rack (2.2.3) lib/rack/runtime.rb:22:in `call'
activesupport (7.0.0) lib/active_support/cache/strategy/local_cache_middleware.rb:29:in `call'
actionpack (7.0.0) lib/action_dispatch/middleware/server_timing.rb:20:in `call'
actionpack (7.0.0) lib/action_dispatch/middleware/executor.rb:14:in `call'
actionpack (7.0.0) lib/action_dispatch/middleware/static.rb:23:in `call'
rack (2.2.3) lib/rack/sendfile.rb:110:in `call'
actionpack (7.0.0) lib/action_dispatch/middleware/host_authorization.rb:137:in `call'
railties (7.0.0) lib/rails/engine.rb:530:in `call'
puma (5.5.2) lib/puma/configuration.rb:249:in `call'
puma (5.5.2) lib/puma/request.rb:77:in `block in handle_request'
puma (5.5.2) lib/puma/thread_pool.rb:340:in `with_force_shutdown'
puma (5.5.2) lib/puma/request.rb:76:in `handle_request'
puma (5.5.2) lib/puma/server.rb:447:in `process_client'
puma (5.5.2) lib/puma/thread_pool.rb:147:in `block in spawn_thread'
Started GET "/" for ::1 at 2021-12-29 18:32:31 +0900
  [1m[35m (24.5ms)[0m  [1m[35mCREATE TABLE "schema_migrations" ("version" character varying NOT NULL PRIMARY KEY)[0m
  [1m[35m (5.8ms)[0m  [1m[35mCREATE TABLE "ar_internal_metadata" ("key" character varying NOT NULL PRIMARY KEY, "value" character varying, "created_at" timestamp(6) NOT NULL, "updated_at" timestamp(6) NOT NULL)[0m
  [1m[36mActiveRecord::SchemaMigration Pluck (0.5ms)[0m  [1m[34mSELECT "schema_migrations"."version" FROM "schema_migrations" ORDER BY "schema_migrations"."version" ASC[0m
  
ActiveRecord::PendingMigrationError (

Migrations are pending. To resolve this issue, run:

        bin/rails db:migrate RAILS_ENV=development

You have 1 pending migration:

20211228153806_create_tests.rb


):
  
activerecord (7.0.0) lib/active_record/migration.rb:627:in `check_pending!'
activerecord (7.0.0) lib/active_record/migration.rb:592:in `block (2 levels) in call'
activesupport (7.0.0) lib/active_support/file_update_checker.rb:83:in `execute'
activerecord (7.0.0) lib/active_record/migration.rb:597:in `block in call'
activerecord (7.0.0) lib/active_record/migration.rb:589:in `synchronize'
activerecord (7.0.0) lib/active_record/migration.rb:589:in `call'
actionpack (7.0.0) lib/action_dispatch/middleware/callbacks.rb:27:in `block in call'
activesupport (7.0.0) lib/active_support/callbacks.rb:99:in `run_callbacks'
actionpack (7.0.0) lib/action_dispatch/middleware/callbacks.rb:26:in `call'
actionpack (7.0.0) lib/action_dispatch/middleware/executor.rb:14:in `call'
actionpack (7.0.0) lib/action_dispatch/middleware/actionable_exceptions.rb:17:in `call'
actionpack (7.0.0) lib/action_dispatch/middleware/debug_exceptions.rb:28:in `call'
web-console (4.2.0) lib/web_console/middleware.rb:132:in `call_app'
web-console (4.2.0) lib/web_console/middleware.rb:28:in `block in call'
web-console (4.2.0) lib/web_console/middleware.rb:17:in `catch'
web-console (4.2.0) lib/web_console/middleware.rb:17:in `call'
actionpack (7.0.0) lib/action_dispatch/middleware/show_exceptions.rb:26:in `call'
railties (7.0.0) lib/rails/rack/logger.rb:36:in `call_app'
railties (7.0.0) lib/rails/rack/logger.rb:25:in `block in call'
activesupport (7.0.0) lib/active_support/tagged_logging.rb:99:in `block in tagged'
activesupport (7.0.0) lib/active_support/tagged_logging.rb:37:in `tagged'
activesupport (7.0.0) lib/active_support/tagged_logging.rb:99:in `tagged'
railties (7.0.0) lib/rails/rack/logger.rb:25:in `call'
sprockets-rails (3.4.2) lib/sprockets/rails/quiet_assets.rb:13:in `call'
actionpack (7.0.0) lib/action_dispatch/middleware/remote_ip.rb:93:in `call'
actionpack (7.0.0) lib/action_dispatch/middleware/request_id.rb:26:in `call'
rack (2.2.3) lib/rack/method_override.rb:24:in `call'
rack (2.2.3) lib/rack/runtime.rb:22:in `call'
activesupport (7.0.0) lib/active_support/cache/strategy/local_cache_middleware.rb:29:in `call'
actionpack (7.0.0) lib/action_dispatch/middleware/server_timing.rb:20:in `call'
actionpack (7.0.0) lib/action_dispatch/middleware/executor.rb:14:in `call'
actionpack (7.0.0) lib/action_dispatch/middleware/static.rb:23:in `call'
rack (2.2.3) lib/rack/sendfile.rb:110:in `call'
actionpack (7.0.0) lib/action_dispatch/middleware/host_authorization.rb:137:in `call'
railties (7.0.0) lib/rails/engine.rb:530:in `call'
puma (5.5.2) lib/puma/configuration.rb:249:in `call'
puma (5.5.2) lib/puma/request.rb:77:in `block in handle_request'
puma (5.5.2) lib/puma/thread_pool.rb:340:in `with_force_shutdown'
puma (5.5.2) lib/puma/request.rb:76:in `handle_request'
puma (5.5.2) lib/puma/server.rb:447:in `process_client'
puma (5.5.2) lib/puma/thread_pool.rb:147:in `block in spawn_thread'
Started GET "/" for ::1 at 2021-12-29 18:33:34 +0900
  
ActiveRecord::DatabaseConnectionError (There is an issue connecting to your database with your username/password, username: postgres.

Please check your database configuration to ensure the username/password are valid.
):
  
activerecord (7.0.0) lib/active_record/connection_adapters/postgresql_adapter.rb:83:in `rescue in new_client'
activerecord (7.0.0) lib/active_record/connection_adapters/postgresql_adapter.rb:77:in `new_client'
activerecord (7.0.0) lib/active_record/connection_adapters/postgresql_adapter.rb:37:in `postgresql_connection'
activerecord (7.0.0) lib/active_record/connection_adapters/abstract/connection_pool.rb:656:in `public_send'
activerecord (7.0.0) lib/active_record/connection_adapters/abstract/connection_pool.rb:656:in `new_connection'
activerecord (7.0.0) lib/active_record/connection_adapters/abstract/connection_pool.rb:700:in `checkout_new_connection'
activerecord (7.0.0) lib/active_record/connection_adapters/abstract/connection_pool.rb:679:in `try_to_checkout_new_connection'
activerecord (7.0.0) lib/active_record/connection_adapters/abstract/connection_pool.rb:640:in `acquire_connection'
activerecord (7.0.0) lib/active_record/connection_adapters/abstract/connection_pool.rb:341:in `checkout'
activerecord (7.0.0) lib/active_record/connection_adapters/abstract/connection_pool.rb:181:in `connection'
activerecord (7.0.0) lib/active_record/connection_adapters/abstract/connection_handler.rb:211:in `retrieve_connection'
activerecord (7.0.0) lib/active_record/connection_handling.rb:313:in `retrieve_connection'
activerecord (7.0.0) lib/active_record/connection_handling.rb:280:in `connection'
activerecord (7.0.0) lib/active_record/migration.rb:613:in `connection'
activerecord (7.0.0) lib/active_record/migration.rb:608:in `build_watcher'
activerecord (7.0.0) lib/active_record/migration.rb:590:in `block in call'
activerecord (7.0.0) lib/active_record/migration.rb:589:in `synchronize'
activerecord (7.0.0) lib/active_record/migration.rb:589:in `call'
actionpack (7.0.0) lib/action_dispatch/middleware/callbacks.rb:27:in `block in call'
activesupport (7.0.0) lib/active_support/callbacks.rb:99:in `run_callbacks'
actionpack (7.0.0) lib/action_dispatch/middleware/callbacks.rb:26:in `call'
actionpack (7.0.0) lib/action_dispatch/middleware/executor.rb:14:in `call'
actionpack (7.0.0) lib/action_dispatch/middleware/actionable_exceptions.rb:17:in `call'
actionpack (7.0.0) lib/action_dispatch/middleware/debug_exceptions.rb:28:in `call'
web-console (4.2.0) lib/web_console/middleware.rb:132:in `call_app'
web-console (4.2.0) lib/web_console/middleware.rb:28:in `block in call'
web-console (4.2.0) lib/web_console/middleware.rb:17:in `catch'
web-console (4.2.0) lib/web_console/middleware.rb:17:in `call'
actionpack (7.0.0) lib/action_dispatch/middleware/show_exceptions.rb:26:in `call'
railties (7.0.0) lib/rails/rack/logger.rb:36:in `call_app'
railties (7.0.0) lib/rails/rack/logger.rb:25:in `block in call'
activesupport (7.0.0) lib/active_support/tagged_logging.rb:99:in `block in tagged'
activesupport (7.0.0) lib/active_support/tagged_logging.rb:37:in `tagged'
activesupport (7.0.0) lib/active_support/tagged_logging.rb:99:in `tagged'
railties (7.0.0) lib/rails/rack/logger.rb:25:in `call'
sprockets-rails (3.4.2) lib/sprockets/rails/quiet_assets.rb:13:in `call'
actionpack (7.0.0) lib/action_dispatch/middleware/remote_ip.rb:93:in `call'
actionpack (7.0.0) lib/action_dispatch/middleware/request_id.rb:26:in `call'
rack (2.2.3) lib/rack/method_override.rb:24:in `call'
rack (2.2.3) lib/rack/runtime.rb:22:in `call'
activesupport (7.0.0) lib/active_support/cache/strategy/local_cache_middleware.rb:29:in `call'
actionpack (7.0.0) lib/action_dispatch/middleware/server_timing.rb:20:in `call'
actionpack (7.0.0) lib/action_dispatch/middleware/executor.rb:14:in `call'
actionpack (7.0.0) lib/action_dispatch/middleware/static.rb:23:in `call'
rack (2.2.3) lib/rack/sendfile.rb:110:in `call'
actionpack (7.0.0) lib/action_dispatch/middleware/host_authorization.rb:137:in `call'
railties (7.0.0) lib/rails/engine.rb:530:in `call'
puma (5.5.2) lib/puma/configuration.rb:249:in `call'
puma (5.5.2) lib/puma/request.rb:77:in `block in handle_request'
puma (5.5.2) lib/puma/thread_pool.rb:340:in `with_force_shutdown'
puma (5.5.2) lib/puma/request.rb:76:in `handle_request'
puma (5.5.2) lib/puma/server.rb:447:in `process_client'
puma (5.5.2) lib/puma/thread_pool.rb:147:in `block in spawn_thread'
Started GET "/" for ::1 at 2021-12-29 18:33:51 +0900
  
ActiveRecord::DatabaseConnectionError (There is an issue connecting to your database with your username/password, username: postgres.

Please check your database configuration to ensure the username/password are valid.
):
  
activerecord (7.0.0) lib/active_record/connection_adapters/postgresql_adapter.rb:83:in `rescue in new_client'
activerecord (7.0.0) lib/active_record/connection_adapters/postgresql_adapter.rb:77:in `new_client'
activerecord (7.0.0) lib/active_record/connection_adapters/postgresql_adapter.rb:37:in `postgresql_connection'
activerecord (7.0.0) lib/active_record/connection_adapters/abstract/connection_pool.rb:656:in `public_send'
activerecord (7.0.0) lib/active_record/connection_adapters/abstract/connection_pool.rb:656:in `new_connection'
activerecord (7.0.0) lib/active_record/connection_adapters/abstract/connection_pool.rb:700:in `checkout_new_connection'
activerecord (7.0.0) lib/active_record/connection_adapters/abstract/connection_pool.rb:679:in `try_to_checkout_new_connection'
activerecord (7.0.0) lib/active_record/connection_adapters/abstract/connection_pool.rb:640:in `acquire_connection'
activerecord (7.0.0) lib/active_record/connection_adapters/abstract/connection_pool.rb:341:in `checkout'
activerecord (7.0.0) lib/active_record/connection_adapters/abstract/connection_pool.rb:181:in `connection'
activerecord (7.0.0) lib/active_record/connection_adapters/abstract/connection_handler.rb:211:in `retrieve_connection'
activerecord (7.0.0) lib/active_record/connection_handling.rb:313:in `retrieve_connection'
activerecord (7.0.0) lib/active_record/connection_handling.rb:280:in `connection'
activerecord (7.0.0) lib/active_record/migration.rb:613:in `connection'
activerecord (7.0.0) lib/active_record/migration.rb:608:in `build_watcher'
activerecord (7.0.0) lib/active_record/migration.rb:590:in `block in call'
activerecord (7.0.0) lib/active_record/migration.rb:589:in `synchronize'
activerecord (7.0.0) lib/active_record/migration.rb:589:in `call'
actionpack (7.0.0) lib/action_dispatch/middleware/callbacks.rb:27:in `block in call'
activesupport (7.0.0) lib/active_support/callbacks.rb:99:in `run_callbacks'
actionpack (7.0.0) lib/action_dispatch/middleware/callbacks.rb:26:in `call'
actionpack (7.0.0) lib/action_dispatch/middleware/executor.rb:14:in `call'
actionpack (7.0.0) lib/action_dispatch/middleware/actionable_exceptions.rb:17:in `call'
actionpack (7.0.0) lib/action_dispatch/middleware/debug_exceptions.rb:28:in `call'
web-console (4.2.0) lib/web_console/middleware.rb:132:in `call_app'
web-console (4.2.0) lib/web_console/middleware.rb:28:in `block in call'
web-console (4.2.0) lib/web_console/middleware.rb:17:in `catch'
web-console (4.2.0) lib/web_console/middleware.rb:17:in `call'
actionpack (7.0.0) lib/action_dispatch/middleware/show_exceptions.rb:26:in `call'
railties (7.0.0) lib/rails/rack/logger.rb:36:in `call_app'
railties (7.0.0) lib/rails/rack/logger.rb:25:in `block in call'
activesupport (7.0.0) lib/active_support/tagged_logging.rb:99:in `block in tagged'
activesupport (7.0.0) lib/active_support/tagged_logging.rb:37:in `tagged'
activesupport (7.0.0) lib/active_support/tagged_logging.rb:99:in `tagged'
railties (7.0.0) lib/rails/rack/logger.rb:25:in `call'
sprockets-rails (3.4.2) lib/sprockets/rails/quiet_assets.rb:13:in `call'
actionpack (7.0.0) lib/action_dispatch/middleware/remote_ip.rb:93:in `call'
actionpack (7.0.0) lib/action_dispatch/middleware/request_id.rb:26:in `call'
rack (2.2.3) lib/rack/method_override.rb:24:in `call'
rack (2.2.3) lib/rack/runtime.rb:22:in `call'
activesupport (7.0.0) lib/active_support/cache/strategy/local_cache_middleware.rb:29:in `call'
actionpack (7.0.0) lib/action_dispatch/middleware/server_timing.rb:20:in `call'
actionpack (7.0.0) lib/action_dispatch/middleware/executor.rb:14:in `call'
actionpack (7.0.0) lib/action_dispatch/middleware/static.rb:23:in `call'
rack (2.2.3) lib/rack/sendfile.rb:110:in `call'
actionpack (7.0.0) lib/action_dispatch/middleware/host_authorization.rb:137:in `call'
railties (7.0.0) lib/rails/engine.rb:530:in `call'
puma (5.5.2) lib/puma/configuration.rb:249:in `call'
puma (5.5.2) lib/puma/request.rb:77:in `block in handle_request'
puma (5.5.2) lib/puma/thread_pool.rb:340:in `with_force_shutdown'
puma (5.5.2) lib/puma/request.rb:76:in `handle_request'
puma (5.5.2) lib/puma/server.rb:447:in `process_client'
puma (5.5.2) lib/puma/thread_pool.rb:147:in `block in spawn_thread'
Started GET "/" for ::1 at 2021-12-29 18:34:03 +0900
  [1m[36mActiveRecord::SchemaMigration Pluck (0.9ms)[0m  [1m[34mSELECT "schema_migrations"."version" FROM "schema_migrations" ORDER BY "schema_migrations"."version" ASC[0m
  [1m[36mCACHE ActiveRecord::SchemaMigration Pluck (0.0ms)[0m  [1m[34mSELECT "schema_migrations"."version" FROM "schema_migrations" ORDER BY "schema_migrations"."version" ASC[0m
  
ActiveRecord::PendingMigrationError (

Migrations are pending. To resolve this issue, run:

        bin/rails db:migrate RAILS_ENV=development

You have 1 pending migration:

20211228153806_create_tests.rb


):
  
activerecord (7.0.0) lib/active_record/migration.rb:627:in `check_pending!'
activerecord (7.0.0) lib/active_record/migration.rb:592:in `block (2 levels) in call'
activesupport (7.0.0) lib/active_support/file_update_checker.rb:83:in `execute'
activerecord (7.0.0) lib/active_record/migration.rb:597:in `block in call'
activerecord (7.0.0) lib/active_record/migration.rb:589:in `synchronize'
activerecord (7.0.0) lib/active_record/migration.rb:589:in `call'
actionpack (7.0.0) lib/action_dispatch/middleware/callbacks.rb:27:in `block in call'
activesupport (7.0.0) lib/active_support/callbacks.rb:99:in `run_callbacks'
actionpack (7.0.0) lib/action_dispatch/middleware/callbacks.rb:26:in `call'
actionpack (7.0.0) lib/action_dispatch/middleware/executor.rb:14:in `call'
actionpack (7.0.0) lib/action_dispatch/middleware/actionable_exceptions.rb:17:in `call'
actionpack (7.0.0) lib/action_dispatch/middleware/debug_exceptions.rb:28:in `call'
web-console (4.2.0) lib/web_console/middleware.rb:132:in `call_app'
web-console (4.2.0) lib/web_console/middleware.rb:28:in `block in call'
web-console (4.2.0) lib/web_console/middleware.rb:17:in `catch'
web-console (4.2.0) lib/web_console/middleware.rb:17:in `call'
actionpack (7.0.0) lib/action_dispatch/middleware/show_exceptions.rb:26:in `call'
railties (7.0.0) lib/rails/rack/logger.rb:36:in `call_app'
railties (7.0.0) lib/rails/rack/logger.rb:25:in `block in call'
activesupport (7.0.0) lib/active_support/tagged_logging.rb:99:in `block in tagged'
activesupport (7.0.0) lib/active_support/tagged_logging.rb:37:in `tagged'
activesupport (7.0.0) lib/active_support/tagged_logging.rb:99:in `tagged'
railties (7.0.0) lib/rails/rack/logger.rb:25:in `call'
sprockets-rails (3.4.2) lib/sprockets/rails/quiet_assets.rb:13:in `call'
actionpack (7.0.0) lib/action_dispatch/middleware/remote_ip.rb:93:in `call'
actionpack (7.0.0) lib/action_dispatch/middleware/request_id.rb:26:in `call'
rack (2.2.3) lib/rack/method_override.rb:24:in `call'
rack (2.2.3) lib/rack/runtime.rb:22:in `call'
activesupport (7.0.0) lib/active_support/cache/strategy/local_cache_middleware.rb:29:in `call'
actionpack (7.0.0) lib/action_dispatch/middleware/server_timing.rb:20:in `call'
actionpack (7.0.0) lib/action_dispatch/middleware/executor.rb:14:in `call'
actionpack (7.0.0) lib/action_dispatch/middleware/static.rb:23:in `call'
rack (2.2.3) lib/rack/sendfile.rb:110:in `call'
actionpack (7.0.0) lib/action_dispatch/middleware/host_authorization.rb:137:in `call'
railties (7.0.0) lib/rails/engine.rb:530:in `call'
puma (5.5.2) lib/puma/configuration.rb:249:in `call'
puma (5.5.2) lib/puma/request.rb:77:in `block in handle_request'
puma (5.5.2) lib/puma/thread_pool.rb:340:in `with_force_shutdown'
puma (5.5.2) lib/puma/request.rb:76:in `handle_request'
puma (5.5.2) lib/puma/server.rb:447:in `process_client'
puma (5.5.2) lib/puma/thread_pool.rb:147:in `block in spawn_thread'
  [1m[35m (3.8ms)[0m  [1m[34mSELECT pg_try_advisory_lock(737815420147457505)[0m
  [1m[36mActiveRecord::SchemaMigration Pluck (0.8ms)[0m  [1m[34mSELECT "schema_migrations"."version" FROM "schema_migrations" ORDER BY "schema_migrations"."version" ASC[0m
Migrating to CreateTests (20211228153806)
  [1m[36mTRANSACTION (0.3ms)[0m  [1m[35mBEGIN[0m
  [1m[35m (8.8ms)[0m  [1m[35mCREATE TABLE "tests" ("id" bigserial primary key, "created_at" timestamp(6) NOT NULL, "updated_at" timestamp(6) NOT NULL)[0m
  [1m[36mActiveRecord::SchemaMigration Create (0.7ms)[0m  [1m[32mINSERT INTO "schema_migrations" ("version") VALUES ($1) RETURNING "version"[0m  [["version", "20211228153806"]]
  [1m[36mTRANSACTION (1.0ms)[0m  [1m[35mCOMMIT[0m
  [1m[36mActiveRecord::InternalMetadata Load (0.7ms)[0m  [1m[34mSELECT "ar_internal_metadata".* FROM "ar_internal_metadata" WHERE "ar_internal_metadata"."key" = $1 LIMIT $2[0m  [["key", "environment"], ["LIMIT", 1]]
  [1m[36mTRANSACTION (0.2ms)[0m  [1m[35mBEGIN[0m
  [1m[36mActiveRecord::InternalMetadata Create (1.2ms)[0m  [1m[32mINSERT INTO "ar_internal_metadata" ("key", "value", "created_at", "updated_at") VALUES ($1, $2, $3, $4) RETURNING "key"[0m  [["key", "environment"], ["value", "development"], ["created_at", "2021-12-29 09:34:48.840946"], ["updated_at", "2021-12-29 09:34:48.840946"]]
  [1m[36mTRANSACTION (0.4ms)[0m  [1m[35mCOMMIT[0m
  [1m[35m (0.5ms)[0m  [1m[34mSELECT pg_advisory_unlock(737815420147457505)[0m
  [1m[36mActiveRecord::SchemaMigration Pluck (0.7ms)[0m  [1m[34mSELECT "schema_migrations"."version" FROM "schema_migrations" ORDER BY "schema_migrations"."version" ASC[0m
  [1m[35m (0.2ms)[0m  [1m[34mSELECT pg_try_advisory_lock(737815420147457505)[0m
  [1m[36mActiveRecord::SchemaMigration Pluck (1.0ms)[0m  [1m[34mSELECT "schema_migrations"."version" FROM "schema_migrations" ORDER BY "schema_migrations"."version" ASC[0m
  [1m[36mActiveRecord::InternalMetadata Load (0.8ms)[0m  [1m[34mSELECT "ar_internal_metadata".* FROM "ar_internal_metadata" WHERE "ar_internal_metadata"."key" = $1 LIMIT $2[0m  [["key", "environment"], ["LIMIT", 1]]
  [1m[35m (0.3ms)[0m  [1m[34mSELECT pg_advisory_unlock(737815420147457505)[0m
  [1m[36mActiveRecord::SchemaMigration Pluck (1.0ms)[0m  [1m[34mSELECT "schema_migrations"."version" FROM "schema_migrations" ORDER BY "schema_migrations"."version" ASC[0m
Started GET "/" for ::1 at 2021-12-29 18:35:58 +0900
  [1m[36mActiveRecord::SchemaMigration Pluck (1.1ms)[0m  [1m[34mSELECT "schema_migrations"."version" FROM "schema_migrations" ORDER BY "schema_migrations"."version" ASC[0m
Processing by ApplicationController#hello as HTML
  Rendering html template
  Rendered html template (Duration: 0.0ms | Allocations: 18)
Completed 200 OK in 42ms (Views: 14.4ms | ActiveRecord: 0.0ms | Allocations: 4583)


Started GET "/" for ::1 at 2021-12-30 20:30:51 +0900
  [1m[36mActiveRecord::SchemaMigration Pluck (1.3ms)[0m  [1m[34mSELECT "schema_migrations"."version" FROM "schema_migrations" ORDER BY "schema_migrations"."version" ASC[0m
Processing by ApplicationController#hello as HTML
  Rendering html template
  Rendered html template (Duration: 0.1ms | Allocations: 18)
Completed 200 OK in 47ms (Views: 22.6ms | ActiveRecord: 0.0ms | Allocations: 4576)


Started GET "/" for ::1 at 2021-12-30 20:34:23 +0900
  [1m[36mActiveRecord::SchemaMigration Pluck (1.1ms)[0m  [1m[34mSELECT "schema_migrations"."version" FROM "schema_migrations" ORDER BY "schema_migrations"."version" ASC[0m
Processing by ApplicationController#hello as HTML
  Rendering html template
  Rendered html template (Duration: 0.0ms | Allocations: 18)
Completed 200 OK in 81ms (Views: 51.9ms | ActiveRecord: 0.0ms | Allocations: 4577)


Started GET "/" for ::1 at 2021-12-30 20:39:47 +0900
Processing by ApplicationController#hello as HTML
  Rendering html template
  Rendered html template (Duration: 0.1ms | Allocations: 5)
Completed 200 OK in 3ms (Views: 1.5ms | ActiveRecord: 0.0ms | Allocations: 311)


Started GET "/" for ::1 at 2021-12-30 20:40:10 +0900
Processing by ApplicationController#hello as HTML
  Rendering html template
  Rendered html template (Duration: 0.0ms | Allocations: 4)
Completed 200 OK in 2ms (Views: 1.1ms | ActiveRecord: 0.0ms | Allocations: 255)


Started GET "/" for ::1 at 2021-12-30 20:40:27 +0900
  [1m[36mActiveRecord::SchemaMigration Pluck (1.0ms)[0m  [1m[34mSELECT "schema_migrations"."version" FROM "schema_migrations" ORDER BY "schema_migrations"."version" ASC[0m
Processing by ApplicationController#hello as HTML
  Rendering html template
  Rendered html template (Duration: 0.1ms | Allocations: 18)
Completed 200 OK in 51ms (Views: 27.7ms | ActiveRecord: 0.0ms | Allocations: 4577)


Started GET "/fortune" for ::1 at 2021-12-30 21:00:21 +0900
  [1m[36mActiveRecord::SchemaMigration Pluck (1.2ms)[0m  [1m[34mSELECT "schema_migrations"."version" FROM "schema_migrations" ORDER BY "schema_migrations"."version" ASC[0m
  
ActionController::RoutingError (No route matches [GET] "/fortune"):
  
Started GET "/fortune/register" for ::1 at 2021-12-30 21:00:32 +0900
Processing by FortuneController#register as HTML
  Rendering layout layouts/application.html.erb
  Rendering fortune/register.html.erb within layouts/application
  Rendered fortune/register.html.erb within layouts/application (Duration: 0.7ms | Allocations: 151)
  Rendered layout layouts/application.html.erb (Duration: 886.4ms | Allocations: 217449)
Completed 200 OK in 897ms (Views: 890.2ms | ActiveRecord: 0.0ms | Allocations: 221338)


Started GET "/fortune/register" for ::1 at 2021-12-30 21:06:15 +0900
  [1m[36mActiveRecord::SchemaMigration Pluck (1.3ms)[0m  [1m[34mSELECT "schema_migrations"."version" FROM "schema_migrations" ORDER BY "schema_migrations"."version" ASC[0m
  
ActionController::RoutingError (No route matches [GET] "/fortune/register"):
  
Started GET "/fortune/kanshi" for ::1 at 2021-12-30 21:06:22 +0900
Processing by FortuneController#kanshi as HTML
  Rendering layout layouts/application.html.erb
  Rendering fortune/kanshi.html.erb within layouts/application
  Rendered fortune/kanshi.html.erb within layouts/application (Duration: 0.6ms | Allocations: 162)
  Rendered layout layouts/application.html.erb (Duration: 185.2ms | Allocations: 76538)
Completed 200 OK in 198ms (Views: 189.7ms | ActiveRecord: 0.0ms | Allocations: 80412)


Started GET "/fortune/kanshi" for ::1 at 2021-12-30 21:08:35 +0900
Processing by FortuneController#kanshi as HTML
  Rendering layout layouts/application.html.erb
  Rendering fortune/kanshi.html.erb within layouts/application
  Rendered fortune/kanshi.html.erb within layouts/application (Duration: 1.1ms | Allocations: 194)
  Rendered layout layouts/application.html.erb (Duration: 39.2ms | Allocations: 7849)
Completed 200 OK in 50ms (Views: 47.5ms | ActiveRecord: 0.0ms | Allocations: 9061)


Started GET "/" for ::1 at 2021-12-30 21:09:40 +0900
  
ActionController::RoutingError (uninitialized constant KanshiController):
  
Started GET "/" for ::1 at 2021-12-30 21:10:05 +0900
  
AbstractController::ActionNotFound (The action 'home' could not be found for FortuneController):
  
actionpack (7.0.0) lib/abstract_controller/base.rb:146:in `process'
actionview (7.0.0) lib/action_view/rendering.rb:39:in `process'
actionpack (7.0.0) lib/action_controller/metal.rb:188:in `dispatch'
actionpack (7.0.0) lib/action_controller/metal.rb:251:in `dispatch'
actionpack (7.0.0) lib/action_dispatch/routing/route_set.rb:49:in `dispatch'
actionpack (7.0.0) lib/action_dispatch/routing/route_set.rb:32:in `serve'
actionpack (7.0.0) lib/action_dispatch/journey/router.rb:50:in `block in serve'
actionpack (7.0.0) lib/action_dispatch/journey/router.rb:32:in `each'
actionpack (7.0.0) lib/action_dispatch/journey/router.rb:32:in `serve'
actionpack (7.0.0) lib/action_dispatch/routing/route_set.rb:850:in `call'
rack (2.2.3) lib/rack/tempfile_reaper.rb:15:in `call'
rack (2.2.3) lib/rack/etag.rb:27:in `call'
rack (2.2.3) lib/rack/conditional_get.rb:27:in `call'
rack (2.2.3) lib/rack/head.rb:12:in `call'
actionpack (7.0.0) lib/action_dispatch/http/permissions_policy.rb:22:in `call'
actionpack (7.0.0) lib/action_dispatch/http/content_security_policy.rb:18:in `call'
rack (2.2.3) lib/rack/session/abstract/id.rb:266:in `context'
rack (2.2.3) lib/rack/session/abstract/id.rb:260:in `call'
actionpack (7.0.0) lib/action_dispatch/middleware/cookies.rb:693:in `call'
activerecord (7.0.0) lib/active_record/migration.rb:603:in `call'
actionpack (7.0.0) lib/action_dispatch/middleware/callbacks.rb:27:in `block in call'
activesupport (7.0.0) lib/active_support/callbacks.rb:99:in `run_callbacks'
actionpack (7.0.0) lib/action_dispatch/middleware/callbacks.rb:26:in `call'
actionpack (7.0.0) lib/action_dispatch/middleware/executor.rb:14:in `call'
actionpack (7.0.0) lib/action_dispatch/middleware/actionable_exceptions.rb:17:in `call'
actionpack (7.0.0) lib/action_dispatch/middleware/debug_exceptions.rb:28:in `call'
web-console (4.2.0) lib/web_console/middleware.rb:132:in `call_app'
web-console (4.2.0) lib/web_console/middleware.rb:28:in `block in call'
web-console (4.2.0) lib/web_console/middleware.rb:17:in `catch'
web-console (4.2.0) lib/web_console/middleware.rb:17:in `call'
actionpack (7.0.0) lib/action_dispatch/middleware/show_exceptions.rb:26:in `call'
railties (7.0.0) lib/rails/rack/logger.rb:36:in `call_app'
railties (7.0.0) lib/rails/rack/logger.rb:25:in `block in call'
activesupport (7.0.0) lib/active_support/tagged_logging.rb:99:in `block in tagged'
activesupport (7.0.0) lib/active_support/tagged_logging.rb:37:in `tagged'
activesupport (7.0.0) lib/active_support/tagged_logging.rb:99:in `tagged'
railties (7.0.0) lib/rails/rack/logger.rb:25:in `call'
sprockets-rails (3.4.2) lib/sprockets/rails/quiet_assets.rb:13:in `call'
actionpack (7.0.0) lib/action_dispatch/middleware/remote_ip.rb:93:in `call'
actionpack (7.0.0) lib/action_dispatch/middleware/request_id.rb:26:in `call'
rack (2.2.3) lib/rack/method_override.rb:24:in `call'
rack (2.2.3) lib/rack/runtime.rb:22:in `call'
activesupport (7.0.0) lib/active_support/cache/strategy/local_cache_middleware.rb:29:in `call'
actionpack (7.0.0) lib/action_dispatch/middleware/server_timing.rb:20:in `call'
actionpack (7.0.0) lib/action_dispatch/middleware/executor.rb:14:in `call'
actionpack (7.0.0) lib/action_dispatch/middleware/static.rb:23:in `call'
rack (2.2.3) lib/rack/sendfile.rb:110:in `call'
actionpack (7.0.0) lib/action_dispatch/middleware/host_authorization.rb:137:in `call'
railties (7.0.0) lib/rails/engine.rb:530:in `call'
puma (5.5.2) lib/puma/configuration.rb:249:in `call'
puma (5.5.2) lib/puma/request.rb:77:in `block in handle_request'
puma (5.5.2) lib/puma/thread_pool.rb:340:in `with_force_shutdown'
puma (5.5.2) lib/puma/request.rb:76:in `handle_request'
puma (5.5.2) lib/puma/server.rb:447:in `process_client'
puma (5.5.2) lib/puma/thread_pool.rb:147:in `block in spawn_thread'
Started GET "/" for ::1 at 2021-12-30 21:10:35 +0900
Processing by FortuneController#kanshi as HTML
  Rendering layout layouts/application.html.erb
  Rendering fortune/kanshi.html.erb within layouts/application
  Rendered fortune/kanshi.html.erb within layouts/application (Duration: 0.1ms | Allocations: 32)
  Rendered layout layouts/application.html.erb (Duration: 50.9ms | Allocations: 20502)
Completed 200 OK in 55ms (Views: 53.3ms | ActiveRecord: 0.0ms | Allocations: 21460)


Started GET "/" for ::1 at 2021-12-30 21:15:26 +0900
Processing by FortuneController#kanshi as HTML
  Rendering layout layouts/application.html.erb
  Rendering fortune/kanshi.html.erb within layouts/application
  Rendered fortune/kanshi.html.erb within layouts/application (Duration: 13.2ms | Allocations: 4334)
  Rendered layout layouts/application.html.erb (Duration: 15.5ms | Allocations: 4422)
Completed 500 Internal Server Error in 26ms (ActiveRecord: 0.0ms | Allocations: 5593)


  
ActionView::Template::Error (undefined method `full_title' for #<ActionView::Base:0x00000000016738>):
    1: <!DOCTYPE html>
    2: <html>
    3:   <head>
    4:     <title><%= full_title(yield(:title)) %></title>
    5:     <%= csrf_meta_tags %>
    6:     <%= stylesheet_link_tag    'application', media: 'all',
    7:                                'data-turbolinks-track': 'reload' %>
  
app/views/fortune/kanshi.html.erb:4
Started GET "/" for ::1 at 2021-12-30 21:16:19 +0900
Processing by FortuneController#kanshi as HTML
  Rendering layout layouts/application.html.erb
  Rendering fortune/kanshi.html.erb within layouts/application
  Rendered fortune/kanshi.html.erb within layouts/application (Duration: 0.5ms | Allocations: 187)
  Rendered layout layouts/application.html.erb (Duration: 19.7ms | Allocations: 7847)
Completed 200 OK in 25ms (Views: 23.1ms | Allocations: 9004)


Started GET "/" for ::1 at 2021-12-30 21:16:57 +0900
Processing by FortuneController#kanshi as HTML
  Rendering layout layouts/application.html.erb
  Rendering fortune/kanshi.html.erb within layouts/application
  Rendered fortune/kanshi.html.erb within layouts/application (Duration: 0.1ms | Allocations: 20)
  Rendered layout layouts/application.html.erb (Duration: 242.4ms | Allocations: 59940)
Completed 200 OK in 245ms (Views: 243.7ms | Allocations: 60304)


Started GET "/" for ::1 at 2021-12-30 21:17:02 +0900
Processing by FortuneController#kanshi as HTML
  Rendering layout layouts/application.html.erb
  Rendering fortune/kanshi.html.erb within layouts/application
  Rendered fortune/kanshi.html.erb within layouts/application (Duration: 0.2ms | Allocations: 20)
  Rendered layout layouts/application.html.erb (Duration: 27.3ms | Allocations: 7204)
Completed 200 OK in 32ms (Views: 28.8ms | Allocations: 7552)


